2017-11-09 10:35:39 [main] INFO  c.y.s.StudentInnovationBaseApiApplication : 
 Starting StudentInnovationBaseApiApplication on DELL with PID 10940 (E:\IDEA2017\IDEA-Project\student_innovation_base_api\target\classes started by dell1 in E:\IDEA2017\IDEA-Project\student_innovation_base_api) 
2017-11-09 10:35:39 [main] DEBUG c.y.s.StudentInnovationBaseApiApplication : 
 Running with Spring Boot v1.5.6.RELEASE, Spring v4.3.10.RELEASE 
2017-11-09 10:35:39 [main] INFO  c.y.s.StudentInnovationBaseApiApplication : 
 No active profile set, falling back to default profiles: default 
2017-11-09 10:35:50 [main] INFO  c.y.s.StudentInnovationBaseApiApplication : 
 Started StudentInnovationBaseApiApplication in 12.739 seconds (JVM running for 14.27) 
2017-11-09 10:40:13 [http-nio-8080-exec-2] DEBUG c.y.s.m.UserMapper.findUserById : 
 ==>  Preparing: SELECT base_member.user_id, base_member.member_name, base_member.`password`, base_member.phone_number, base_member.department, base_member.grade, UNIX_TIMESTAMP(base_member.create_time) create_time, UNIX_TIMESTAMP(base_member.update_time) update_time, base_member.image_url, base_member.is_delete, base_member.user_level FROM base_member WHERE user_id=? AND is_delete = 0  
2017-11-09 10:40:13 [http-nio-8080-exec-2] DEBUG c.y.s.m.UserMapper.findUserById : 
 ==> Parameters: cd35f82e-9abf-11e7-bbc4-e4f89cdc0d1f(String) 
2017-11-09 10:40:13 [http-nio-8080-exec-2] DEBUG c.y.s.m.UserMapper.findUserById : 
 <==      Total: 1 
2017-11-09 10:40:14 [http-nio-8080-exec-2] DEBUG c.y.s.m.E.addExcel!selectKey : 
 ==>  Preparing: SELECT UUID()  
2017-11-09 10:40:14 [http-nio-8080-exec-2] DEBUG c.y.s.m.E.addExcel!selectKey : 
 ==> Parameters:  
2017-11-09 10:40:15 [http-nio-8080-exec-2] DEBUG c.y.s.m.E.addExcel!selectKey : 
 <==      Total: 1 
2017-11-09 10:40:15 [http-nio-8080-exec-2] DEBUG c.y.s.mapper.ExcelMapper.addExcel : 
 ==>  Preparing: INSERT INTO base_excel (id,excel_url) VALUE (?,?)  
2017-11-09 10:40:15 [http-nio-8080-exec-2] DEBUG c.y.s.mapper.ExcelMapper.addExcel : 
 ==> Parameters: 67c33df0-c4f7-11e7-a4d7-e4f89cdc0d1f(String), null 
2017-11-09 10:40:15 [http-nio-8080-exec-2] DEBUG c.y.s.mapper.ExcelMapper.addExcel : 
 <==    Updates: 1 
2017-11-09 10:40:15 [http-nio-8080-exec-2] DEBUG c.y.s.m.ExcelMapper.findExcelById : 
 ==>  Preparing: SELECT base_excel.id, UNIX_TIMESTAMP(base_excel.create_time) create_time, base_excel.excel_url FROM base_excel WHERE id=?  
2017-11-09 10:40:15 [http-nio-8080-exec-2] DEBUG c.y.s.m.ExcelMapper.findExcelById : 
 ==> Parameters: 67c33df0-c4f7-11e7-a4d7-e4f89cdc0d1f(String) 
2017-11-09 10:40:15 [http-nio-8080-exec-2] DEBUG c.y.s.m.ExcelMapper.findExcelById : 
 <==      Total: 1 
2017-11-09 10:40:15 [http-nio-8080-exec-2] ERROR c.y.s.config.GloablExceptionHandler : 
 java.net.MalformedURLException
	at java.net.URL.<init>(URL.java:627)
	at java.net.URL.<init>(URL.java:490)
	at java.net.URL.<init>(URL.java:439)
	at com.yigong.student_innovation_base_api.api.UserApi.importExcel(UserApi.java:120)
	at sun.reflect.NativeMethodAccessorImpl.invoke0(Native Method)
	at sun.reflect.NativeMethodAccessorImpl.invoke(NativeMethodAccessorImpl.java:62)
	at sun.reflect.DelegatingMethodAccessorImpl.invoke(DelegatingMethodAccessorImpl.java:43)
	at java.lang.reflect.Method.invoke(Method.java:498)
	at org.springframework.web.method.support.InvocableHandlerMethod.doInvoke(InvocableHandlerMethod.java:205)
	at org.springframework.web.method.support.InvocableHandlerMethod.invokeForRequest(InvocableHandlerMethod.java:133)
	at org.springframework.web.servlet.mvc.method.annotation.ServletInvocableHandlerMethod.invokeAndHandle(ServletInvocableHandlerMethod.java:97)
	at org.springframework.web.servlet.mvc.method.annotation.RequestMappingHandlerAdapter.invokeHandlerMethod(RequestMappingHandlerAdapter.java:827)
	at org.springframework.web.servlet.mvc.method.annotation.RequestMappingHandlerAdapter.handleInternal(RequestMappingHandlerAdapter.java:738)
	at org.springframework.web.servlet.mvc.method.AbstractHandlerMethodAdapter.handle(AbstractHandlerMethodAdapter.java:85)
	at org.springframework.web.servlet.DispatcherServlet.doDispatch(DispatcherServlet.java:967)
	at org.springframework.web.servlet.DispatcherServlet.doService(DispatcherServlet.java:901)
	at org.springframework.web.servlet.FrameworkServlet.processRequest(FrameworkServlet.java:970)
	at org.springframework.web.servlet.FrameworkServlet.doPost(FrameworkServlet.java:872)
	at javax.servlet.http.HttpServlet.service(HttpServlet.java:661)
	at org.springframework.web.servlet.FrameworkServlet.service(FrameworkServlet.java:846)
	at javax.servlet.http.HttpServlet.service(HttpServlet.java:742)
	at org.apache.catalina.core.ApplicationFilterChain.internalDoFilter(ApplicationFilterChain.java:231)
	at org.apache.catalina.core.ApplicationFilterChain.doFilter(ApplicationFilterChain.java:166)
	at org.apache.tomcat.websocket.server.WsFilter.doFilter(WsFilter.java:52)
	at org.apache.catalina.core.ApplicationFilterChain.internalDoFilter(ApplicationFilterChain.java:193)
	at org.apache.catalina.core.ApplicationFilterChain.doFilter(ApplicationFilterChain.java:166)
	at org.springframework.web.filter.RequestContextFilter.doFilterInternal(RequestContextFilter.java:99)
	at org.springframework.web.filter.OncePerRequestFilter.doFilter(OncePerRequestFilter.java:107)
	at org.apache.catalina.core.ApplicationFilterChain.internalDoFilter(ApplicationFilterChain.java:193)
	at org.apache.catalina.core.ApplicationFilterChain.doFilter(ApplicationFilterChain.java:166)
	at org.springframework.web.filter.HttpPutFormContentFilter.doFilterInternal(HttpPutFormContentFilter.java:105)
	at org.springframework.web.filter.OncePerRequestFilter.doFilter(OncePerRequestFilter.java:107)
	at org.apache.catalina.core.ApplicationFilterChain.internalDoFilter(ApplicationFilterChain.java:193)
	at org.apache.catalina.core.ApplicationFilterChain.doFilter(ApplicationFilterChain.java:166)
	at org.springframework.web.filter.HiddenHttpMethodFilter.doFilterInternal(HiddenHttpMethodFilter.java:81)
	at org.springframework.web.filter.OncePerRequestFilter.doFilter(OncePerRequestFilter.java:107)
	at org.apache.catalina.core.ApplicationFilterChain.internalDoFilter(ApplicationFilterChain.java:193)
	at org.apache.catalina.core.ApplicationFilterChain.doFilter(ApplicationFilterChain.java:166)
	at org.springframework.web.filter.CharacterEncodingFilter.doFilterInternal(CharacterEncodingFilter.java:197)
	at org.springframework.web.filter.OncePerRequestFilter.doFilter(OncePerRequestFilter.java:107)
	at org.apache.catalina.core.ApplicationFilterChain.internalDoFilter(ApplicationFilterChain.java:193)
	at org.apache.catalina.core.ApplicationFilterChain.doFilter(ApplicationFilterChain.java:166)
	at org.apache.catalina.core.StandardWrapperValve.invoke(StandardWrapperValve.java:198)
	at org.apache.catalina.core.StandardContextValve.invoke(StandardContextValve.java:96)
	at org.apache.catalina.authenticator.AuthenticatorBase.invoke(AuthenticatorBase.java:478)
	at org.apache.catalina.core.StandardHostValve.invoke(StandardHostValve.java:140)
	at org.apache.catalina.valves.ErrorReportValve.invoke(ErrorReportValve.java:80)
	at org.apache.catalina.core.StandardEngineValve.invoke(StandardEngineValve.java:87)
	at org.apache.catalina.connector.CoyoteAdapter.service(CoyoteAdapter.java:342)
	at org.apache.coyote.http11.Http11Processor.service(Http11Processor.java:799)
	at org.apache.coyote.AbstractProcessorLight.process(AbstractProcessorLight.java:66)
	at org.apache.coyote.AbstractProtocol$ConnectionHandler.process(AbstractProtocol.java:868)
	at org.apache.tomcat.util.net.NioEndpoint$SocketProcessor.doRun(NioEndpoint.java:1455)
	at org.apache.tomcat.util.net.SocketProcessorBase.run(SocketProcessorBase.java:49)
	at java.util.concurrent.ThreadPoolExecutor.runWorker(ThreadPoolExecutor.java:1142)
	at java.util.concurrent.ThreadPoolExecutor$Worker.run(ThreadPoolExecutor.java:617)
	at org.apache.tomcat.util.threads.TaskThread$WrappingRunnable.run(TaskThread.java:61)
	at java.lang.Thread.run(Thread.java:748)
Caused by: java.lang.NullPointerException
	at java.net.URL.<init>(URL.java:532)
	... 57 more
 
2017-11-09 10:40:32 [http-nio-8080-exec-1] DEBUG c.y.s.m.UserMapper.findUserById : 
 ==>  Preparing: SELECT base_member.user_id, base_member.member_name, base_member.`password`, base_member.phone_number, base_member.department, base_member.grade, UNIX_TIMESTAMP(base_member.create_time) create_time, UNIX_TIMESTAMP(base_member.update_time) update_time, base_member.image_url, base_member.is_delete, base_member.user_level FROM base_member WHERE user_id=? AND is_delete = 0  
2017-11-09 10:40:32 [http-nio-8080-exec-1] DEBUG c.y.s.m.UserMapper.findUserById : 
 ==> Parameters: cd35f82e-9abf-11e7-bbc4-e4f89cdc0d1f(String) 
2017-11-09 10:40:32 [http-nio-8080-exec-1] DEBUG c.y.s.m.UserMapper.findUserById : 
 <==      Total: 1 
2017-11-09 10:40:32 [http-nio-8080-exec-1] DEBUG c.y.s.m.UserMapper.findUserById : 
 ==>  Preparing: SELECT base_member.user_id, base_member.member_name, base_member.`password`, base_member.phone_number, base_member.department, base_member.grade, UNIX_TIMESTAMP(base_member.create_time) create_time, UNIX_TIMESTAMP(base_member.update_time) update_time, base_member.image_url, base_member.is_delete, base_member.user_level FROM base_member WHERE user_id=? AND is_delete = 0  
2017-11-09 10:40:32 [http-nio-8080-exec-1] DEBUG c.y.s.m.UserMapper.findUserById : 
 ==> Parameters: 5a71afab-7a75-11e7-9ddf-e4f89cdc0d1f(String) 
2017-11-09 10:40:32 [http-nio-8080-exec-1] DEBUG c.y.s.m.UserMapper.findUserById : 
 <==      Total: 1 
2017-11-09 10:43:32 [main] INFO  c.y.s.StudentInnovationBaseApiApplication : 
 Starting StudentInnovationBaseApiApplication on DELL with PID 13224 (E:\IDEA2017\IDEA-Project\student_innovation_base_api\target\classes started by dell1 in E:\IDEA2017\IDEA-Project\student_innovation_base_api) 
2017-11-09 10:43:32 [main] DEBUG c.y.s.StudentInnovationBaseApiApplication : 
 Running with Spring Boot v1.5.6.RELEASE, Spring v4.3.10.RELEASE 
2017-11-09 10:43:32 [main] INFO  c.y.s.StudentInnovationBaseApiApplication : 
 No active profile set, falling back to default profiles: default 
2017-11-09 10:43:37 [main] INFO  c.y.s.StudentInnovationBaseApiApplication : 
 Started StudentInnovationBaseApiApplication in 6.564 seconds (JVM running for 9.004) 
2017-11-09 10:43:41 [http-nio-8080-exec-3] DEBUG c.y.s.m.UserMapper.findUserById : 
 ==>  Preparing: SELECT base_member.user_id, base_member.member_name, base_member.`password`, base_member.phone_number, base_member.department, base_member.grade, UNIX_TIMESTAMP(base_member.create_time) create_time, UNIX_TIMESTAMP(base_member.update_time) update_time, base_member.image_url, base_member.is_delete, base_member.user_level FROM base_member WHERE user_id=? AND is_delete = 0  
2017-11-09 10:43:41 [http-nio-8080-exec-3] DEBUG c.y.s.m.UserMapper.findUserById : 
 ==> Parameters: cd35f82e-9abf-11e7-bbc4-e4f89cdc0d1f(String) 
2017-11-09 10:43:41 [http-nio-8080-exec-3] DEBUG c.y.s.m.UserMapper.findUserById : 
 <==      Total: 1 
2017-11-09 10:43:41 [http-nio-8080-exec-3] DEBUG c.y.s.m.UserMapper.findUserById : 
 ==>  Preparing: SELECT base_member.user_id, base_member.member_name, base_member.`password`, base_member.phone_number, base_member.department, base_member.grade, UNIX_TIMESTAMP(base_member.create_time) create_time, UNIX_TIMESTAMP(base_member.update_time) update_time, base_member.image_url, base_member.is_delete, base_member.user_level FROM base_member WHERE user_id=? AND is_delete = 0  
2017-11-09 10:43:41 [http-nio-8080-exec-3] DEBUG c.y.s.m.UserMapper.findUserById : 
 ==> Parameters: 5a71afab-7a75-11e7-9ddf-e4f89cdc0d1f(String) 
2017-11-09 10:43:41 [http-nio-8080-exec-3] DEBUG c.y.s.m.UserMapper.findUserById : 
 <==      Total: 1 
2017-11-09 10:44:53 [main] INFO  c.y.s.StudentInnovationBaseApiApplication : 
 Starting StudentInnovationBaseApiApplication on DELL with PID 8660 (E:\IDEA2017\IDEA-Project\student_innovation_base_api\target\classes started by dell1 in E:\IDEA2017\IDEA-Project\student_innovation_base_api) 
2017-11-09 10:44:53 [main] DEBUG c.y.s.StudentInnovationBaseApiApplication : 
 Running with Spring Boot v1.5.6.RELEASE, Spring v4.3.10.RELEASE 
2017-11-09 10:44:53 [main] INFO  c.y.s.StudentInnovationBaseApiApplication : 
 No active profile set, falling back to default profiles: default 
2017-11-09 10:44:59 [main] INFO  c.y.s.StudentInnovationBaseApiApplication : 
 Started StudentInnovationBaseApiApplication in 6.498 seconds (JVM running for 8.457) 
2017-11-09 10:45:02 [http-nio-8080-exec-2] DEBUG c.y.s.m.UserMapper.findUserById : 
 ==>  Preparing: SELECT base_member.user_id, base_member.member_name, base_member.`password`, base_member.phone_number, base_member.department, base_member.grade, UNIX_TIMESTAMP(base_member.create_time) create_time, UNIX_TIMESTAMP(base_member.update_time) update_time, base_member.image_url, base_member.is_delete, base_member.user_level FROM base_member WHERE user_id=? AND is_delete = 0  
2017-11-09 10:45:02 [http-nio-8080-exec-2] DEBUG c.y.s.m.UserMapper.findUserById : 
 ==> Parameters: cd35f82e-9abf-11e7-bbc4-e4f89cdc0d1f(String) 
2017-11-09 10:45:02 [http-nio-8080-exec-2] DEBUG c.y.s.m.UserMapper.findUserById : 
 <==      Total: 1 
2017-11-09 10:45:02 [http-nio-8080-exec-2] DEBUG c.y.s.m.UserMapper.findUserById : 
 ==>  Preparing: SELECT base_member.user_id, base_member.member_name, base_member.`password`, base_member.phone_number, base_member.department, base_member.grade, UNIX_TIMESTAMP(base_member.create_time) create_time, UNIX_TIMESTAMP(base_member.update_time) update_time, base_member.image_url, base_member.is_delete, base_member.user_level FROM base_member WHERE user_id=? AND is_delete = 0  
2017-11-09 10:45:02 [http-nio-8080-exec-2] DEBUG c.y.s.m.UserMapper.findUserById : 
 ==> Parameters: 5a71afab-7a75-11e7-9ddf-e4f89cdc0d1f(String) 
2017-11-09 10:45:02 [http-nio-8080-exec-2] DEBUG c.y.s.m.UserMapper.findUserById : 
 <==      Total: 1 
2017-11-09 10:45:02 [http-nio-8080-exec-2] DEBUG c.y.s.mapper.UserMapper.updateUser : 
 ==>  Preparing: UPDATE base_member SET user_id=? WHERE user_id=?  
2017-11-09 10:45:02 [http-nio-8080-exec-2] DEBUG c.y.s.mapper.UserMapper.updateUser : 
 ==> Parameters: 5a71afab-7a75-11e7-9ddf-e4f89cdc0d1f(String), 5a71afab-7a75-11e7-9ddf-e4f89cdc0d1f(String) 
2017-11-09 10:45:02 [http-nio-8080-exec-2] DEBUG c.y.s.mapper.UserMapper.updateUser : 
 <==    Updates: 1 
2017-11-09 10:45:02 [http-nio-8080-exec-2] DEBUG c.y.s.m.UserMapper.findUserById : 
 ==>  Preparing: SELECT base_member.user_id, base_member.member_name, base_member.`password`, base_member.phone_number, base_member.department, base_member.grade, UNIX_TIMESTAMP(base_member.create_time) create_time, UNIX_TIMESTAMP(base_member.update_time) update_time, base_member.image_url, base_member.is_delete, base_member.user_level FROM base_member WHERE user_id=? AND is_delete = 0  
2017-11-09 10:45:02 [http-nio-8080-exec-2] DEBUG c.y.s.m.UserMapper.findUserById : 
 ==> Parameters: 5a71afab-7a75-11e7-9ddf-e4f89cdc0d1f(String) 
2017-11-09 10:45:02 [http-nio-8080-exec-2] DEBUG c.y.s.m.UserMapper.findUserById : 
 <==      Total: 1 
2017-11-09 10:46:47 [http-nio-8080-exec-5] DEBUG c.y.s.m.UserMapper.findUserById : 
 ==>  Preparing: SELECT base_member.user_id, base_member.member_name, base_member.`password`, base_member.phone_number, base_member.department, base_member.grade, UNIX_TIMESTAMP(base_member.create_time) create_time, UNIX_TIMESTAMP(base_member.update_time) update_time, base_member.image_url, base_member.is_delete, base_member.user_level FROM base_member WHERE user_id=? AND is_delete = 0  
2017-11-09 10:46:47 [http-nio-8080-exec-5] DEBUG c.y.s.m.UserMapper.findUserById : 
 ==> Parameters: cd35f82e-9abf-11e7-bbc4-e4f89cdc0d1f(String) 
2017-11-09 10:46:47 [http-nio-8080-exec-5] DEBUG c.y.s.m.UserMapper.findUserById : 
 <==      Total: 1 
2017-11-09 10:46:47 [http-nio-8080-exec-5] DEBUG c.y.s.m.UserMapper.findUserById : 
 ==>  Preparing: SELECT base_member.user_id, base_member.member_name, base_member.`password`, base_member.phone_number, base_member.department, base_member.grade, UNIX_TIMESTAMP(base_member.create_time) create_time, UNIX_TIMESTAMP(base_member.update_time) update_time, base_member.image_url, base_member.is_delete, base_member.user_level FROM base_member WHERE user_id=? AND is_delete = 0  
2017-11-09 10:46:47 [http-nio-8080-exec-5] DEBUG c.y.s.m.UserMapper.findUserById : 
 ==> Parameters: 5a71afab-7a75-11e7-9ddf-e4f89cdc0d1f(String) 
2017-11-09 10:46:47 [http-nio-8080-exec-5] DEBUG c.y.s.m.UserMapper.findUserById : 
 <==      Total: 1 
2017-11-09 10:46:47 [http-nio-8080-exec-5] DEBUG c.y.s.mapper.UserMapper.updateUser : 
 ==>  Preparing: UPDATE base_member SET grade = ?, user_id=? WHERE user_id=?  
2017-11-09 10:46:47 [http-nio-8080-exec-5] DEBUG c.y.s.mapper.UserMapper.updateUser : 
 ==> Parameters: 2015(String), 5a71afab-7a75-11e7-9ddf-e4f89cdc0d1f(String), 5a71afab-7a75-11e7-9ddf-e4f89cdc0d1f(String) 
2017-11-09 10:46:47 [http-nio-8080-exec-5] DEBUG c.y.s.mapper.UserMapper.updateUser : 
 <==    Updates: 1 
2017-11-09 10:46:47 [http-nio-8080-exec-5] DEBUG c.y.s.m.UserMapper.findUserById : 
 ==>  Preparing: SELECT base_member.user_id, base_member.member_name, base_member.`password`, base_member.phone_number, base_member.department, base_member.grade, UNIX_TIMESTAMP(base_member.create_time) create_time, UNIX_TIMESTAMP(base_member.update_time) update_time, base_member.image_url, base_member.is_delete, base_member.user_level FROM base_member WHERE user_id=? AND is_delete = 0  
2017-11-09 10:46:47 [http-nio-8080-exec-5] DEBUG c.y.s.m.UserMapper.findUserById : 
 ==> Parameters: 5a71afab-7a75-11e7-9ddf-e4f89cdc0d1f(String) 
2017-11-09 10:46:47 [http-nio-8080-exec-5] DEBUG c.y.s.m.UserMapper.findUserById : 
 <==      Total: 1 
2017-11-09 10:47:27 [main] INFO  c.y.s.StudentInnovationBaseApiApplication : 
 Starting StudentInnovationBaseApiApplication on DELL with PID 7028 (E:\IDEA2017\IDEA-Project\student_innovation_base_api\target\classes started by dell1 in E:\IDEA2017\IDEA-Project\student_innovation_base_api) 
2017-11-09 10:47:27 [main] DEBUG c.y.s.StudentInnovationBaseApiApplication : 
 Running with Spring Boot v1.5.6.RELEASE, Spring v4.3.10.RELEASE 
2017-11-09 10:47:27 [main] INFO  c.y.s.StudentInnovationBaseApiApplication : 
 No active profile set, falling back to default profiles: default 
2017-11-09 10:47:32 [main] INFO  c.y.s.StudentInnovationBaseApiApplication : 
 Started StudentInnovationBaseApiApplication in 6.268 seconds (JVM running for 8.475) 
2017-11-09 10:47:50 [http-nio-8080-exec-2] DEBUG c.y.s.m.UserMapper.findUserById : 
 ==>  Preparing: SELECT base_member.user_id, base_member.member_name, base_member.`password`, base_member.phone_number, base_member.department, base_member.grade, UNIX_TIMESTAMP(base_member.create_time) create_time, UNIX_TIMESTAMP(base_member.update_time) update_time, base_member.image_url, base_member.is_delete, base_member.user_level FROM base_member WHERE user_id=? AND is_delete = 0  
2017-11-09 10:47:50 [http-nio-8080-exec-2] DEBUG c.y.s.m.UserMapper.findUserById : 
 ==> Parameters: cd35f82e-9abf-11e7-bbc4-e4f89cdc0d1f(String) 
2017-11-09 10:47:50 [http-nio-8080-exec-2] DEBUG c.y.s.m.UserMapper.findUserById : 
 <==      Total: 1 
2017-11-09 10:47:51 [http-nio-8080-exec-2] DEBUG c.y.s.m.UserMapper.findUserById : 
 ==>  Preparing: SELECT base_member.user_id, base_member.member_name, base_member.`password`, base_member.phone_number, base_member.department, base_member.grade, UNIX_TIMESTAMP(base_member.create_time) create_time, UNIX_TIMESTAMP(base_member.update_time) update_time, base_member.image_url, base_member.is_delete, base_member.user_level FROM base_member WHERE user_id=? AND is_delete = 0  
2017-11-09 10:47:51 [http-nio-8080-exec-2] DEBUG c.y.s.m.UserMapper.findUserById : 
 ==> Parameters: 5a71afab-7a75-11e7-9ddf-e4f89cdc0d1f(String) 
2017-11-09 10:47:51 [http-nio-8080-exec-2] DEBUG c.y.s.m.UserMapper.findUserById : 
 <==      Total: 1 
2017-11-09 10:47:51 [http-nio-8080-exec-2] DEBUG c.y.s.mapper.UserMapper.updateUser : 
 ==>  Preparing: UPDATE base_member SET grade = ?, user_id=? WHERE user_id=?  
2017-11-09 10:47:51 [http-nio-8080-exec-2] DEBUG c.y.s.mapper.UserMapper.updateUser : 
 ==> Parameters: 2016(String), 5a71afab-7a75-11e7-9ddf-e4f89cdc0d1f(String), 5a71afab-7a75-11e7-9ddf-e4f89cdc0d1f(String) 
2017-11-09 10:47:51 [http-nio-8080-exec-2] DEBUG c.y.s.mapper.UserMapper.updateUser : 
 <==    Updates: 1 
2017-11-09 10:47:51 [http-nio-8080-exec-2] DEBUG c.y.s.m.UserMapper.findUserById : 
 ==>  Preparing: SELECT base_member.user_id, base_member.member_name, base_member.`password`, base_member.phone_number, base_member.department, base_member.grade, UNIX_TIMESTAMP(base_member.create_time) create_time, UNIX_TIMESTAMP(base_member.update_time) update_time, base_member.image_url, base_member.is_delete, base_member.user_level FROM base_member WHERE user_id=? AND is_delete = 0  
2017-11-09 10:47:51 [http-nio-8080-exec-2] DEBUG c.y.s.m.UserMapper.findUserById : 
 ==> Parameters: 5a71afab-7a75-11e7-9ddf-e4f89cdc0d1f(String) 
2017-11-09 10:47:51 [http-nio-8080-exec-2] DEBUG c.y.s.m.UserMapper.findUserById : 
 <==      Total: 1 
2017-11-09 10:49:33 [main] INFO  c.y.s.StudentInnovationBaseApiApplicationTests : 
 Starting StudentInnovationBaseApiApplicationTests on DELL with PID 9300 (started by dell1 in E:\IDEA2017\IDEA-Project\student_innovation_base_api) 
2017-11-09 10:49:33 [main] DEBUG c.y.s.StudentInnovationBaseApiApplicationTests : 
 Running with Spring Boot v1.5.6.RELEASE, Spring v4.3.10.RELEASE 
2017-11-09 10:49:33 [main] INFO  c.y.s.StudentInnovationBaseApiApplicationTests : 
 No active profile set, falling back to default profiles: default 
2017-11-09 10:49:43 [main] INFO  c.y.s.StudentInnovationBaseApiApplicationTests : 
 Started StudentInnovationBaseApiApplicationTests in 11.879 seconds (JVM running for 15.014) 
